\BOOKMARK [1][-]{section*.1}{\376\377\000A\000b\000s\000t\000r\000a\000c\000t}{}% 1
\BOOKMARK [1][-]{section.1}{\376\377\0001\000\040\137\025\212\000}{}% 2
\BOOKMARK [1][-]{section.2}{\376\377\0002\000\040\166\370\121\163\135\345\117\134}{}% 3
\BOOKMARK [2][-]{subsection.2.1}{\376\377\0002\000.\0001\000\040\131\032\152\041\140\001\136\173\211\311\213\304\155\113\116\016\127\372\121\306\213\276\213\241}{section.2}% 4
\BOOKMARK [2][-]{subsection.2.2}{\376\377\0002\000.\0002\000\040\211\343\170\001\145\366\177\023\211\343\116\016\143\247\122\066}{section.2}% 5
\BOOKMARK [2][-]{subsection.2.3}{\376\377\0002\000.\0003\000\040\124\016\232\214\117\356\153\143\060\001\152\041\127\213\146\364\145\260\137\017\177\023\211\343\116\016\000\040\000U\000n\000i\000G\000r\000o\000u\000n\000d\000\040\166\204\117\115\177\156}{section.2}% 6
\BOOKMARK [1][-]{section.3}{\376\377\0003\000\040\133\232\117\115\116\016\213\276\213\241\123\237\122\031}{}% 7
\BOOKMARK [2][-]{subsection.3.1}{\376\377\0003\000.\0001\000\040\116\016\145\351\121\110\000\040\000T\000L\000R\000A\000\040\166\204\217\336\176\355\140\047}{section.3}% 8
\BOOKMARK [2][-]{subsection.3.2}{\376\377\0003\000.\0002\000\040\116\072\117\125\121\205\220\350\213\315\210\150\133\371\237\120\116\015\146\057\220\032\165\050\166\204}{section.3}% 9
\BOOKMARK [2][-]{subsection.3.3}{\376\377\0003\000.\0003\000\040\220\032\217\307\150\007\121\306\123\026\211\302\155\113\040\024\122\250\117\134\172\172\225\364\133\236\163\260\220\032\165\050\140\047}{section.3}% 10
\BOOKMARK [1][-]{section.4}{\376\377\0004\000\040\145\271\154\325}{}% 11
\BOOKMARK [2][-]{subsection.4.1}{\376\377\0004\000.\0001\000\040\225\356\230\230\213\276\133\232\116\016\155\073\215\303\211\343\170\001\122\115\154\277}{section.4}% 12
\BOOKMARK [2][-]{subsection.4.2}{\376\377\0004\000.\0002\000\040\220\032\165\050\211\302\155\113\172\172\225\364}{section.4}% 13
\BOOKMARK [2][-]{subsection.4.3}{\376\377\0004\000.\0003\000\040\145\340\123\302\145\160\122\006\213\315\150\145\143\245\166\204\162\107\153\265\143\320\213\256}{section.4}% 14
\BOOKMARK [2][-]{subsection.4.4}{\376\377\0004\000.\0004\000\040\120\031\220\011\232\161\122\250\166\204\211\306\211\311\121\161\143\057}{section.4}% 15
\BOOKMARK [2][-]{subsection.4.5}{\376\377\0004\000.\0005\000\040\230\316\226\151\141\037\167\345\157\300\155\073}{section.4}% 16
\BOOKMARK [2][-]{subsection.4.6}{\376\377\0004\000.\0006\000\040\117\335\133\210\221\315\122\006\221\115\116\016\137\003\147\103\211\346\123\321\166\204\126\336\220\000}{section.4}% 17
\BOOKMARK [2][-]{subsection.4.7}{\376\377\0004\000.\0007\000\040\147\072\122\066\116\072\117\125\116\315\117\335\143\001\220\032\165\050}{section.4}% 18
\BOOKMARK [2][-]{subsection.4.8}{\376\377\0004\000.\0008\000\040\133\371\161\147\116\016\145\271\154\325\213\272\203\003\126\364}{section.4}% 19
\BOOKMARK [1][-]{section.5}{\376\377\0005\000\040\213\304\155\113\123\117\213\256}{}% 20
\BOOKMARK [2][-]{subsection.5.1}{\376\377\0005\000.\0001\000\040\220\032\165\050\160\355\143\322\142\324\147\011\145\110\140\047\377\010\000H\0001\377\011}{section.5}% 21
\BOOKMARK [2][-]{subsection.5.2}{\376\377\0005\000.\0002\000\040\152\041\127\127\176\247\232\214\213\301\377\010\000H\0002\377\011}{section.5}% 22
\BOOKMARK [2][-]{subsection.5.3}{\376\377\0005\000.\0003\000\040\174\373\176\337\176\247\136\173\211\311\177\023\211\343\377\010\000H\0003\377\011}{section.5}% 23
\BOOKMARK [2][-]{subsection.5.4}{\376\377\0005\000.\0004\000\040\176\323\147\204\117\335\143\001\377\010\000H\0004\377\011}{section.5}% 24
\BOOKMARK [2][-]{subsection.5.5}{\376\377\0005\000.\0005\000\040\123\357\171\373\151\015\140\047\116\016\121\205\220\350\116\012\226\120\377\010\000H\0005\377\011}{section.5}% 25
\BOOKMARK [2][-]{subsection.5.6}{\376\377\0005\000.\0006\000\040\131\026\220\350\121\150\134\100\121\110\232\214\377\010\000H\0006\377\011}{section.5}% 26
\BOOKMARK [2][-]{subsection.5.7}{\376\377\0005\000.\0007\000\040\137\305\227\000\155\210\207\215}{section.5}% 27
\BOOKMARK [2][-]{subsection.5.8}{\376\377\0005\000.\0008\000\040\131\061\145\110\217\271\165\114\133\241\213\241\377\010\000H\0007\377\011}{section.5}% 28
\BOOKMARK [1][-]{section.6}{\376\377\0006\000\040\116\073\145\207\126\376\210\150}{}% 29
\BOOKMARK [2][-]{subsection.6.1}{\376\377\0006\000.\0001\000\040\126\376\123\140\117\115}{section.6}% 30
\BOOKMARK [2][-]{subsection.6.2}{\376\377\0006\000.\0002\000\040\210\150\150\074}{section.6}% 31
\BOOKMARK [1][-]{section.7}{\376\377\0007\000\040\213\250\213\272\116\016\213\272\145\255\203\003\126\364}{}% 32
\BOOKMARK [2][-]{subsection.7.1}{\376\377\0007\000.\0001\000\040\117\125\145\366\220\032\165\050\124\175\230\230\142\020\172\313}{section.7}% 33
\BOOKMARK [2][-]{subsection.7.2}{\376\377\0007\000.\0002\000\040\123\357\171\373\151\015\140\047\116\016\116\012\226\120}{section.7}% 34
\BOOKMARK [2][-]{subsection.7.3}{\376\377\0007\000.\0003\000\040\117\125\145\366\227\000\145\066\177\051\213\272\145\255}{section.7}% 35
\BOOKMARK [1][-]{appendix.A}{\376\377\000A\000\040\220\032\165\050\140\047\217\271\165\114\213\301\146\016\176\262\211\201}{}% 36
\BOOKMARK [1][-]{appendix.B}{\376\377\000B\000\040\000P\000s\000i\000\137\000u\000n\000i\000v\000\040\147\266\147\204\116\016\213\255\176\303\124\010\124\014}{}% 37
\BOOKMARK [1][-]{appendix.C}{\376\377\000C\000\040\122\006\213\315\150\145\116\016\122\115\177\000\153\147\116\111}{}% 38
\BOOKMARK [1][-]{appendix.D}{\376\377\000D\000\040\121\205\220\350\143\247\122\066\215\357\137\204}{}% 39
\BOOKMARK [1][-]{appendix.E}{\376\377\000E\000\040\176\323\147\204\225\350\143\247\133\241\213\241}{}% 40
\BOOKMARK [1][-]{appendix.F}{\376\377\000F\000\040\116\343\116\367\116\016\131\061\145\110\217\271\165\114}{}% 41
\BOOKMARK [1][-]{section*.12}{\376\377\000A\000c\000k\000n\000o\000w\000l\000e\000d\000g\000m\000e\000n\000t\000s}{}% 42
\BOOKMARK [1][-]{section*.14}{\376\377\000R\000e\000f\000e\000r\000e\000n\000c\000e\000s}{}% 43
