Saved MMMU manifest to /root/autodl-tmp/BRA_Project/datasets/MMMU_hf/mmmu_hard_manifest_v3b.json
Total samples: 114
  Accounting: 4
  Agriculture: 6
  Architecture_and_Engineering: 6
  Art: 0
  Art_Theory: 1
  Basic_Medical_Science: 3
  Biology: 2
  Chemistry: 6
  Clinical_Medicine: 6
  Computer_Science: 6
  Design: 4
  Diagnostics_and_Laboratory_Medicine: 6
  Economics: 2
  Electronics: 6
  Energy_and_Power: 6
  Finance: 6
  Geography: 4
  History: 2
  Literature: 0
  Manage: 5
  Marketing: 5
  Materials: 6
  Math: 5
  Mechanical_Engineering: 6
  Music: 6
  Pharmacy: 0
  Physics: 3
  Psychology: 1
  Public_Health: 0
  Sociology: 1
