/root/miniconda3/envs/opera/lib/python3.10/site-packages/torchvision/io/image.py:13: UserWarning: Failed to load image Python extension: 'Could not load this library: /root/miniconda3/envs/opera/lib/python3.10/site-packages/torchvision/image.so'If you don't plan on using image functionality from `torchvision.io`, you can ignore this warning. Otherwise, there might be something wrong with your environment. Did you have `libjpeg` or `libpng` installed before building `torchvision` from source?
  warn(
Some weights of LlavaLlamaForCausalLM were not initialized from the model checkpoint at /root/autodl-tmp/CHIRO/models/llava-1.5-7b-converted-opera and are newly initialized: ['model.layers.10.self_attn.rotary_emb.inv_freq', 'model.layers.16.self_attn.rotary_emb.inv_freq', 'model.layers.6.self_attn.rotary_emb.inv_freq', 'model.layers.24.self_attn.rotary_emb.inv_freq', 'model.layers.30.self_attn.rotary_emb.inv_freq', 'model.layers.0.self_attn.rotary_emb.inv_freq', 'model.layers.7.self_attn.rotary_emb.inv_freq', 'model.layers.4.self_attn.rotary_emb.inv_freq', 'model.layers.27.self_attn.rotary_emb.inv_freq', 'model.layers.29.self_attn.rotary_emb.inv_freq', 'model.layers.28.self_attn.rotary_emb.inv_freq', 'model.layers.25.self_attn.rotary_emb.inv_freq', 'model.layers.13.self_attn.rotary_emb.inv_freq', 'model.layers.26.self_attn.rotary_emb.inv_freq', 'model.layers.23.self_attn.rotary_emb.inv_freq', 'model.layers.31.self_attn.rotary_emb.inv_freq', 'model.layers.17.self_attn.rotary_emb.inv_freq', 'model.layers.22.self_attn.rotary_emb.inv_freq', 'model.layers.14.self_attn.rotary_emb.inv_freq', 'model.layers.8.self_attn.rotary_emb.inv_freq', 'model.layers.20.self_attn.rotary_emb.inv_freq', 'model.layers.18.self_attn.rotary_emb.inv_freq', 'model.layers.5.self_attn.rotary_emb.inv_freq', 'model.layers.2.self_attn.rotary_emb.inv_freq', 'model.layers.11.self_attn.rotary_emb.inv_freq', 'model.layers.1.self_attn.rotary_emb.inv_freq', 'model.layers.12.self_attn.rotary_emb.inv_freq', 'model.layers.3.self_attn.rotary_emb.inv_freq', 'model.layers.19.self_attn.rotary_emb.inv_freq', 'model.layers.21.self_attn.rotary_emb.inv_freq', 'model.layers.9.self_attn.rotary_emb.inv_freq', 'model.layers.15.self_attn.rotary_emb.inv_freq']
You should probably TRAIN this model on a down-stream task to be able to use it for predictions and inference.
Initializing Model
CLIPImageProcessor {
  "crop_size": {
    "height": 336,
    "width": 336
  },
  "do_center_crop": true,
  "do_convert_rgb": true,
  "do_normalize": true,
  "do_rescale": true,
  "do_resize": true,
  "image_mean": [
    0.48145466,
    0.4578275,
    0.40821073
  ],
  "image_processor_type": "CLIPImageProcessor",
  "image_std": [
    0.26862954,
    0.26130258,
    0.27577711
  ],
  "processor_class": "LlavaProcessor",
  "resample": 3,
  "rescale_factor": 0.00392156862745098,
  "size": {
    "shortest_edge": 336
  }
}

Done!
load data finished
Start eval...
  0%|          | 0/16 [00:00<?, ?it/s]/root/autodl-tmp/EKKO/minigpt4/models/llava.py:101: FutureWarning: `torch.cuda.amp.autocast(args...)` is deprecated. Please use `torch.amp.autocast('cuda', args...)` instead.
  return torch.cuda.amp.autocast(dtype=dtype)
/root/autodl-tmp/EKKO/transformers-4.29.2/src/transformers/generation/utils.py:1269: UserWarning: You have modified the pretrained model configuration to control generation. This is a deprecated strategy to control generation and will be removed soon, in a future version. Please use a generation configuration file (see https://huggingface.co/docs/transformers/main_classes/text_generation)
  warnings.warn(
  6%|▋         | 1/16 [00:02<00:32,  2.19s/it] 12%|█▎        | 2/16 [00:03<00:24,  1.74s/it] 19%|█▉        | 3/16 [00:05<00:20,  1.58s/it] 25%|██▌       | 4/16 [00:06<00:18,  1.50s/it] 31%|███▏      | 5/16 [00:07<00:16,  1.46s/it] 38%|███▊      | 6/16 [00:09<00:14,  1.44s/it] 44%|████▍     | 7/16 [00:10<00:12,  1.42s/it] 50%|█████     | 8/16 [00:11<00:11,  1.41s/it] 56%|█████▋    | 9/16 [00:13<00:09,  1.40s/it] 62%|██████▎   | 10/16 [00:14<00:08,  1.39s/it] 69%|██████▉   | 11/16 [00:16<00:06,  1.39s/it] 75%|███████▌  | 12/16 [00:17<00:05,  1.39s/it] 81%|████████▏ | 13/16 [00:18<00:04,  1.38s/it] 88%|████████▊ | 14/16 [00:20<00:02,  1.38s/it] 94%|█████████▍| 15/16 [00:21<00:01,  1.38s/it]100%|██████████| 16/16 [00:22<00:00,  1.38s/it]100%|██████████| 16/16 [00:22<00:00,  1.44s/it]
Yes, there is a snowboard in the image
No, there is no car in the image.
Yes, there is a person in the image.
No, there is no sandwich in the image
Yes, there are skis in the image,
No, there is no couch in the image
Yes, there is a truck in the image
No, there is no pizza in the image
Yes, there is a person in the image,
No, there is no sink in the image.
Yes, there is an umbrella in the
No, there is no cell phone in the image
Yes, there is a person in the image,
No, there is no sheep in the image.
Yes, there is a bicycle in the
No, there is no broccoli in the
[50.0, 5]===============================================
TP	FP	TN	FN	
8	0	8	0
Accuracy: 1.0
Precision: 1.0
Recall: 1.0
F1 score: 1.0
Yes ratio: 0.5
